{"/workspaces/accounts-manager/frontend/accounts-manager/src/components/Homepage.vue": {"path":"/workspaces/accounts-manager/frontend/accounts-manager/src/components/Homepage.vue","statementMap":{"0":{"start":{"line":13,"column":0},"end":{"line":13,"column":null}}},"fnMap":{},"branchMap":{},"s":{"0":1},"f":{},"b":{}}
,"/workspaces/accounts-manager/frontend/accounts-manager/src/components/common/Button.vue": {"path":"/workspaces/accounts-manager/frontend/accounts-manager/src/components/common/Button.vue","statementMap":{"0":{"start":{"line":15,"column":0},"end":{"line":15,"column":null}}},"fnMap":{"0":{"name":"(anonymous_1)","decl":{"start":{"line":14,"column":0},"end":{"line":14,"column":null}},"loc":{"start":{"line":14,"column":0},"end":{"line":16,"column":null}}}},"branchMap":{},"s":{"0":1},"f":{"0":1},"b":{}}
}
